<?xml version="1.0" encoding="UTF-8"?>
<!-- Generated by org.testng.reporters.JUnitReportReporter -->
<testsuite hostname="DESKTOP-VE506JI" failures="0" tests="1" name="asu.practical.TestCase" time="8.131" errors="0" timestamp="2023-05-17T01:24:42 EET" skipped="0">
  <testcase classname="asu.practical.TestCase" name="f" time="8.131"/>
  <system-out/>
</testsuite> <!-- asu.practical.TestCase -->
